[03.11.2023 22:14:08.188][ERROR][pool-1-thread-1] SimulationEngine - Chord simulation crashed with an exception.
java.lang.RuntimeException: This method has not been implemented!
	at ch.unibas.dmi.dbis.fds.p2p.chord.impl.ChordPeer.initFingerTable(ChordPeer.java:132) ~[main/:?]
	at ch.unibas.dmi.dbis.fds.p2p.chord.impl.ChordPeer.joinAndUpdate(ChordPeer.java:91) ~[main/:?]
	at ch.unibas.dmi.dbis.fds.p2p.chord.api.AbstractChordPeer.join(AbstractChordPeer.java:163) ~[main/:?]
	at ch.unibas.dmi.dbis.fds.p2p.simulation.SimulationEngine.initNetwork(SimulationEngine.java:271) ~[main/:?]
	at ch.unibas.dmi.dbis.fds.p2p.simulation.SimulationEngine.run(SimulationEngine.java:78) ~[main/:?]
	at java.util.concurrent.Executors$RunnableAdapter.call(Executors.java:572) ~[?:?]
	at java.util.concurrent.FutureTask.run(FutureTask.java:317) ~[?:?]
	at java.util.concurrent.ThreadPoolExecutor.runWorker(ThreadPoolExecutor.java:1144) ~[?:?]
	at java.util.concurrent.ThreadPoolExecutor$Worker.run(ThreadPoolExecutor.java:642) ~[?:?]
	at java.lang.Thread.run(Thread.java:1583) ~[?:?]
[03.11.2023 22:17:02.973][ERROR][pool-1-thread-1] SimulationEngine - Chord simulation crashed with an exception.
java.lang.RuntimeException: This method has not been implemented!
	at ch.unibas.dmi.dbis.fds.p2p.chord.impl.ChordPeer.initFingerTable(ChordPeer.java:132) ~[main/:?]
	at ch.unibas.dmi.dbis.fds.p2p.chord.impl.ChordPeer.joinAndUpdate(ChordPeer.java:91) ~[main/:?]
	at ch.unibas.dmi.dbis.fds.p2p.chord.api.AbstractChordPeer.join(AbstractChordPeer.java:163) ~[main/:?]
	at ch.unibas.dmi.dbis.fds.p2p.simulation.SimulationEngine.initNetwork(SimulationEngine.java:271) ~[main/:?]
	at ch.unibas.dmi.dbis.fds.p2p.simulation.SimulationEngine.run(SimulationEngine.java:78) ~[main/:?]
	at java.util.concurrent.Executors$RunnableAdapter.call(Executors.java:572) ~[?:?]
	at java.util.concurrent.FutureTask.run(FutureTask.java:317) ~[?:?]
	at java.util.concurrent.ThreadPoolExecutor.runWorker(ThreadPoolExecutor.java:1144) ~[?:?]
	at java.util.concurrent.ThreadPoolExecutor$Worker.run(ThreadPoolExecutor.java:642) ~[?:?]
	at java.lang.Thread.run(Thread.java:1583) ~[?:?]
[03.11.2023 22:29:27.225][ERROR][pool-1-thread-1] SimulationEngine - Chord simulation crashed with an exception.
java.lang.RuntimeException: This method has not been implemented!
	at ch.unibas.dmi.dbis.fds.p2p.chord.impl.ChordPeer.initFingerTable(ChordPeer.java:132) ~[main/:?]
	at ch.unibas.dmi.dbis.fds.p2p.chord.impl.ChordPeer.joinAndUpdate(ChordPeer.java:91) ~[main/:?]
	at ch.unibas.dmi.dbis.fds.p2p.chord.api.AbstractChordPeer.join(AbstractChordPeer.java:163) ~[main/:?]
	at ch.unibas.dmi.dbis.fds.p2p.simulation.SimulationEngine.initNetwork(SimulationEngine.java:271) ~[main/:?]
	at ch.unibas.dmi.dbis.fds.p2p.simulation.SimulationEngine.run(SimulationEngine.java:78) ~[main/:?]
	at java.util.concurrent.Executors$RunnableAdapter.call(Executors.java:572) ~[?:?]
	at java.util.concurrent.FutureTask.run(FutureTask.java:317) ~[?:?]
	at java.util.concurrent.ThreadPoolExecutor.runWorker(ThreadPoolExecutor.java:1144) ~[?:?]
	at java.util.concurrent.ThreadPoolExecutor$Worker.run(ThreadPoolExecutor.java:642) ~[?:?]
	at java.lang.Thread.run(Thread.java:1583) ~[?:?]
[03.11.2023 22:39:00.223][ERROR][pool-1-thread-1] SimulationEngine - Chord simulation crashed with an exception.
java.lang.RuntimeException: This method has not been implemented!
	at ch.unibas.dmi.dbis.fds.p2p.chord.impl.ChordPeer.initFingerTable(ChordPeer.java:140) ~[main/:?]
	at ch.unibas.dmi.dbis.fds.p2p.chord.impl.ChordPeer.joinAndUpdate(ChordPeer.java:99) ~[main/:?]
	at ch.unibas.dmi.dbis.fds.p2p.chord.api.AbstractChordPeer.join(AbstractChordPeer.java:163) ~[main/:?]
	at ch.unibas.dmi.dbis.fds.p2p.simulation.SimulationEngine.initNetwork(SimulationEngine.java:271) ~[main/:?]
	at ch.unibas.dmi.dbis.fds.p2p.simulation.SimulationEngine.run(SimulationEngine.java:78) ~[main/:?]
	at java.util.concurrent.Executors$RunnableAdapter.call(Executors.java:572) ~[?:?]
	at java.util.concurrent.FutureTask.run(FutureTask.java:317) ~[?:?]
	at java.util.concurrent.ThreadPoolExecutor.runWorker(ThreadPoolExecutor.java:1144) ~[?:?]
	at java.util.concurrent.ThreadPoolExecutor$Worker.run(ThreadPoolExecutor.java:642) ~[?:?]
	at java.lang.Thread.run(Thread.java:1583) ~[?:?]
[03.11.2023 22:39:16.109][ERROR][pool-1-thread-1] SimulationEngine - Chord simulation crashed with an exception.
java.lang.RuntimeException: This method has not been implemented!
	at ch.unibas.dmi.dbis.fds.p2p.chord.impl.ChordPeer.initFingerTable(ChordPeer.java:140) ~[main/:?]
	at ch.unibas.dmi.dbis.fds.p2p.chord.impl.ChordPeer.joinAndUpdate(ChordPeer.java:99) ~[main/:?]
	at ch.unibas.dmi.dbis.fds.p2p.chord.api.AbstractChordPeer.join(AbstractChordPeer.java:163) ~[main/:?]
	at ch.unibas.dmi.dbis.fds.p2p.simulation.SimulationEngine.initNetwork(SimulationEngine.java:271) ~[main/:?]
	at ch.unibas.dmi.dbis.fds.p2p.simulation.SimulationEngine.run(SimulationEngine.java:78) ~[main/:?]
	at java.util.concurrent.Executors$RunnableAdapter.call(Executors.java:572) ~[?:?]
	at java.util.concurrent.FutureTask.run(FutureTask.java:317) ~[?:?]
	at java.util.concurrent.ThreadPoolExecutor.runWorker(ThreadPoolExecutor.java:1144) ~[?:?]
	at java.util.concurrent.ThreadPoolExecutor$Worker.run(ThreadPoolExecutor.java:642) ~[?:?]
	at java.lang.Thread.run(Thread.java:1583) ~[?:?]
[03.11.2023 23:02:30.278][ERROR][pool-1-thread-1] SimulationEngine - Chord simulation crashed with an exception.
java.lang.RuntimeException: This method has not been implemented!
	at ch.unibas.dmi.dbis.fds.p2p.chord.impl.ChordPeer.initFingerTable(ChordPeer.java:153) ~[main/:?]
	at ch.unibas.dmi.dbis.fds.p2p.chord.impl.ChordPeer.joinAndUpdate(ChordPeer.java:112) ~[main/:?]
	at ch.unibas.dmi.dbis.fds.p2p.chord.api.AbstractChordPeer.join(AbstractChordPeer.java:163) ~[main/:?]
	at ch.unibas.dmi.dbis.fds.p2p.simulation.SimulationEngine.initNetwork(SimulationEngine.java:271) ~[main/:?]
	at ch.unibas.dmi.dbis.fds.p2p.simulation.SimulationEngine.run(SimulationEngine.java:78) ~[main/:?]
	at java.util.concurrent.Executors$RunnableAdapter.call(Executors.java:572) ~[?:?]
	at java.util.concurrent.FutureTask.run(FutureTask.java:317) ~[?:?]
	at java.util.concurrent.ThreadPoolExecutor.runWorker(ThreadPoolExecutor.java:1144) ~[?:?]
	at java.util.concurrent.ThreadPoolExecutor$Worker.run(ThreadPoolExecutor.java:642) ~[?:?]
	at java.lang.Thread.run(Thread.java:1583) ~[?:?]
[04.11.2023 14:51:20.973][ERROR][pool-1-thread-1] SimulationEngine - Chord simulation crashed with an exception.
java.lang.RuntimeException: This method has not been implemented!
	at ch.unibas.dmi.dbis.fds.p2p.chord.impl.ChordPeer.updateOthers(ChordPeer.java:207) ~[main/:?]
	at ch.unibas.dmi.dbis.fds.p2p.chord.impl.ChordPeer.joinAndUpdate(ChordPeer.java:115) ~[main/:?]
	at ch.unibas.dmi.dbis.fds.p2p.chord.api.AbstractChordPeer.join(AbstractChordPeer.java:163) ~[main/:?]
	at ch.unibas.dmi.dbis.fds.p2p.simulation.SimulationEngine.initNetwork(SimulationEngine.java:271) ~[main/:?]
	at ch.unibas.dmi.dbis.fds.p2p.simulation.SimulationEngine.run(SimulationEngine.java:78) ~[main/:?]
	at java.util.concurrent.Executors$RunnableAdapter.call(Executors.java:572) ~[?:?]
	at java.util.concurrent.FutureTask.run(FutureTask.java:317) ~[?:?]
	at java.util.concurrent.ThreadPoolExecutor.runWorker(ThreadPoolExecutor.java:1144) ~[?:?]
	at java.util.concurrent.ThreadPoolExecutor$Worker.run(ThreadPoolExecutor.java:642) ~[?:?]
	at java.lang.Thread.run(Thread.java:1583) ~[?:?]
[04.11.2023 16:44:03.510][ERROR][pool-1-thread-1] SimulationEngine - Chord simulation crashed with an exception.
java.lang.RuntimeException: This method has not been implemented!
	at ch.unibas.dmi.dbis.fds.p2p.chord.impl.ChordPeer.updateOthers(ChordPeer.java:207) ~[main/:?]
	at ch.unibas.dmi.dbis.fds.p2p.chord.impl.ChordPeer.joinAndUpdate(ChordPeer.java:115) ~[main/:?]
	at ch.unibas.dmi.dbis.fds.p2p.chord.api.AbstractChordPeer.join(AbstractChordPeer.java:163) ~[main/:?]
	at ch.unibas.dmi.dbis.fds.p2p.simulation.SimulationEngine.initNetwork(SimulationEngine.java:271) ~[main/:?]
	at ch.unibas.dmi.dbis.fds.p2p.simulation.SimulationEngine.run(SimulationEngine.java:78) ~[main/:?]
	at java.util.concurrent.Executors$RunnableAdapter.call(Executors.java:572) ~[?:?]
	at java.util.concurrent.FutureTask.run(FutureTask.java:317) ~[?:?]
	at java.util.concurrent.ThreadPoolExecutor.runWorker(ThreadPoolExecutor.java:1144) ~[?:?]
	at java.util.concurrent.ThreadPoolExecutor$Worker.run(ThreadPoolExecutor.java:642) ~[?:?]
	at java.lang.Thread.run(Thread.java:1583) ~[?:?]
[04.11.2023 16:46:25.595][ERROR][pool-1-thread-1] SimulationEngine - Chord simulation crashed with an exception.
java.lang.RuntimeException: This method has not been implemented!
	at ch.unibas.dmi.dbis.fds.p2p.chord.impl.ChordPeer.updateOthers(ChordPeer.java:207) ~[main/:?]
	at ch.unibas.dmi.dbis.fds.p2p.chord.impl.ChordPeer.joinAndUpdate(ChordPeer.java:115) ~[main/:?]
	at ch.unibas.dmi.dbis.fds.p2p.chord.api.AbstractChordPeer.join(AbstractChordPeer.java:163) ~[main/:?]
	at ch.unibas.dmi.dbis.fds.p2p.simulation.SimulationEngine.initNetwork(SimulationEngine.java:271) ~[main/:?]
	at ch.unibas.dmi.dbis.fds.p2p.simulation.SimulationEngine.run(SimulationEngine.java:78) ~[main/:?]
	at java.util.concurrent.Executors$RunnableAdapter.call(Executors.java:572) ~[?:?]
	at java.util.concurrent.FutureTask.run(FutureTask.java:317) ~[?:?]
	at java.util.concurrent.ThreadPoolExecutor.runWorker(ThreadPoolExecutor.java:1144) ~[?:?]
	at java.util.concurrent.ThreadPoolExecutor$Worker.run(ThreadPoolExecutor.java:642) ~[?:?]
	at java.lang.Thread.run(Thread.java:1583) ~[?:?]
[04.11.2023 16:50:23.357][ERROR][pool-1-thread-1] SimulationEngine - Chord simulation crashed with an exception.
java.lang.RuntimeException: This method has not been implemented!
	at ch.unibas.dmi.dbis.fds.p2p.chord.impl.ChordPeer.updateOthers(ChordPeer.java:207) ~[main/:?]
	at ch.unibas.dmi.dbis.fds.p2p.chord.impl.ChordPeer.joinAndUpdate(ChordPeer.java:115) ~[main/:?]
	at ch.unibas.dmi.dbis.fds.p2p.chord.api.AbstractChordPeer.join(AbstractChordPeer.java:163) ~[main/:?]
	at ch.unibas.dmi.dbis.fds.p2p.simulation.SimulationEngine.initNetwork(SimulationEngine.java:271) ~[main/:?]
	at ch.unibas.dmi.dbis.fds.p2p.simulation.SimulationEngine.run(SimulationEngine.java:78) ~[main/:?]
	at java.util.concurrent.Executors$RunnableAdapter.call(Executors.java:572) ~[?:?]
	at java.util.concurrent.FutureTask.run(FutureTask.java:317) ~[?:?]
	at java.util.concurrent.ThreadPoolExecutor.runWorker(ThreadPoolExecutor.java:1144) ~[?:?]
	at java.util.concurrent.ThreadPoolExecutor$Worker.run(ThreadPoolExecutor.java:642) ~[?:?]
	at java.lang.Thread.run(Thread.java:1583) ~[?:?]
[04.11.2023 18:34:16.754][ERROR][pool-1-thread-1] SimulationEngine - Chord simulation crashed with an exception.
java.lang.RuntimeException: This method has not been implemented!
	at ch.unibas.dmi.dbis.fds.p2p.chord.impl.ChordPeer.stabilize(ChordPeer.java:270) ~[main/:?]
	at ch.unibas.dmi.dbis.fds.p2p.simulation.SimulationEngine.next(SimulationEngine.java:247) ~[main/:?]
	at ch.unibas.dmi.dbis.fds.p2p.simulation.SimulationEngine.run(SimulationEngine.java:84) ~[main/:?]
	at java.util.concurrent.Executors$RunnableAdapter.call(Executors.java:572) ~[?:?]
	at java.util.concurrent.FutureTask.run(FutureTask.java:317) ~[?:?]
	at java.util.concurrent.ThreadPoolExecutor.runWorker(ThreadPoolExecutor.java:1144) ~[?:?]
	at java.util.concurrent.ThreadPoolExecutor$Worker.run(ThreadPoolExecutor.java:642) ~[?:?]
	at java.lang.Thread.run(Thread.java:1583) ~[?:?]
[04.11.2023 20:54:13.085][ERROR][pool-1-thread-1] SimulationEngine - Chord simulation crashed with an exception.
java.lang.RuntimeException: This method has not been implemented!
	at ch.unibas.dmi.dbis.fds.p2p.chord.impl.ChordPeer.updateOthers(ChordPeer.java:207) ~[main/:?]
	at ch.unibas.dmi.dbis.fds.p2p.chord.impl.ChordPeer.joinAndUpdate(ChordPeer.java:115) ~[main/:?]
	at ch.unibas.dmi.dbis.fds.p2p.chord.api.AbstractChordPeer.join(AbstractChordPeer.java:163) ~[main/:?]
	at ch.unibas.dmi.dbis.fds.p2p.simulation.SimulationEngine.initNetwork(SimulationEngine.java:271) ~[main/:?]
	at ch.unibas.dmi.dbis.fds.p2p.simulation.SimulationEngine.run(SimulationEngine.java:78) ~[main/:?]
	at java.util.concurrent.Executors$RunnableAdapter.call(Executors.java:572) ~[?:?]
	at java.util.concurrent.FutureTask.run(FutureTask.java:317) ~[?:?]
	at java.util.concurrent.ThreadPoolExecutor.runWorker(ThreadPoolExecutor.java:1144) ~[?:?]
	at java.util.concurrent.ThreadPoolExecutor$Worker.run(ThreadPoolExecutor.java:642) ~[?:?]
	at java.lang.Thread.run(Thread.java:1583) ~[?:?]
[04.11.2023 20:58:43.876][WARN ][pool-1-thread-1] SimulationEngine - Chord simulation was terminated forcefully.
[04.11.2023 22:31:25.072][WARN ][pool-1-thread-1] SimulationEngine - Chord simulation was terminated forcefully.
[04.11.2023 22:36:41.049][WARN ][pool-1-thread-1] SimulationEngine - Chord simulation was terminated forcefully.
[04.11.2023 22:37:52.612][WARN ][pool-1-thread-1] SimulationEngine - Chord simulation was terminated forcefully.
[04.11.2023 22:45:41.942][WARN ][pool-1-thread-1] SimulationEngine - Chord simulation was terminated forcefully.
[04.11.2023 22:46:08.288][ERROR][pool-1-thread-1] SimulationEngine - Chord simulation crashed with an exception.
java.lang.RuntimeException: This method has not been implemented!
	at ch.unibas.dmi.dbis.fds.p2p.chord.impl.ChordPeer.lambda$updateFingerTable$0(ChordPeer.java:246) ~[main/:?]
	at java.util.Optional.ifPresent(Optional.java:178) ~[?:?]
	at ch.unibas.dmi.dbis.fds.p2p.chord.impl.ChordPeer.updateFingerTable(ChordPeer.java:232) ~[main/:?]
	at ch.unibas.dmi.dbis.fds.p2p.chord.impl.ChordPeer.lambda$updateFingerTable$0(ChordPeer.java:243) ~[main/:?]
	at java.util.Optional.ifPresent(Optional.java:178) ~[?:?]
	at ch.unibas.dmi.dbis.fds.p2p.chord.impl.ChordPeer.updateFingerTable(ChordPeer.java:232) ~[main/:?]
	at ch.unibas.dmi.dbis.fds.p2p.chord.impl.ChordPeer.updateOthers(ChordPeer.java:216) ~[main/:?]
	at ch.unibas.dmi.dbis.fds.p2p.chord.impl.ChordPeer.joinAndUpdate(ChordPeer.java:115) ~[main/:?]
	at ch.unibas.dmi.dbis.fds.p2p.chord.api.AbstractChordPeer.join(AbstractChordPeer.java:163) ~[main/:?]
	at ch.unibas.dmi.dbis.fds.p2p.simulation.SimulationEngine.initNetwork(SimulationEngine.java:271) ~[main/:?]
	at ch.unibas.dmi.dbis.fds.p2p.simulation.SimulationEngine.run(SimulationEngine.java:78) ~[main/:?]
	at java.util.concurrent.Executors$RunnableAdapter.call(Executors.java:572) ~[?:?]
	at java.util.concurrent.FutureTask.run(FutureTask.java:317) ~[?:?]
	at java.util.concurrent.ThreadPoolExecutor.runWorker(ThreadPoolExecutor.java:1144) ~[?:?]
	at java.util.concurrent.ThreadPoolExecutor$Worker.run(ThreadPoolExecutor.java:642) ~[?:?]
	at java.lang.Thread.run(Thread.java:1583) ~[?:?]
[04.11.2023 22:52:40.716][WARN ][pool-1-thread-1] SimulationEngine - Chord simulation was terminated forcefully.
[04.11.2023 22:52:47.963][ERROR][pool-1-thread-1] SimulationEngine - Chord simulation crashed with an exception.
java.lang.RuntimeException: This method has not been implemented!
	at ch.unibas.dmi.dbis.fds.p2p.chord.impl.ChordPeer.lambda$updateFingerTable$0(ChordPeer.java:246) ~[main/:?]
	at java.util.Optional.ifPresent(Optional.java:178) ~[?:?]
	at ch.unibas.dmi.dbis.fds.p2p.chord.impl.ChordPeer.updateFingerTable(ChordPeer.java:232) ~[main/:?]
	at ch.unibas.dmi.dbis.fds.p2p.chord.impl.ChordPeer.lambda$updateFingerTable$0(ChordPeer.java:243) ~[main/:?]
	at java.util.Optional.ifPresent(Optional.java:178) ~[?:?]
	at ch.unibas.dmi.dbis.fds.p2p.chord.impl.ChordPeer.updateFingerTable(ChordPeer.java:232) ~[main/:?]
	at ch.unibas.dmi.dbis.fds.p2p.chord.impl.ChordPeer.updateOthers(ChordPeer.java:216) ~[main/:?]
	at ch.unibas.dmi.dbis.fds.p2p.chord.impl.ChordPeer.joinAndUpdate(ChordPeer.java:115) ~[main/:?]
	at ch.unibas.dmi.dbis.fds.p2p.chord.api.AbstractChordPeer.join(AbstractChordPeer.java:163) ~[main/:?]
	at ch.unibas.dmi.dbis.fds.p2p.simulation.SimulationEngine.initNetwork(SimulationEngine.java:271) ~[main/:?]
	at ch.unibas.dmi.dbis.fds.p2p.simulation.SimulationEngine.run(SimulationEngine.java:78) ~[main/:?]
	at java.util.concurrent.Executors$RunnableAdapter.call(Executors.java:572) ~[?:?]
	at java.util.concurrent.FutureTask.run(FutureTask.java:317) ~[?:?]
	at java.util.concurrent.ThreadPoolExecutor.runWorker(ThreadPoolExecutor.java:1144) ~[?:?]
	at java.util.concurrent.ThreadPoolExecutor$Worker.run(ThreadPoolExecutor.java:642) ~[?:?]
	at java.lang.Thread.run(Thread.java:1583) ~[?:?]
[04.11.2023 22:54:01.267][ERROR][pool-1-thread-1] SimulationEngine - Chord simulation crashed with an exception.
java.lang.RuntimeException: This method has not been implemented!
	at ch.unibas.dmi.dbis.fds.p2p.chord.impl.ChordPeer.lambda$updateFingerTable$0(ChordPeer.java:246) ~[main/:?]
	at java.util.Optional.ifPresent(Optional.java:178) ~[?:?]
	at ch.unibas.dmi.dbis.fds.p2p.chord.impl.ChordPeer.updateFingerTable(ChordPeer.java:232) ~[main/:?]
	at ch.unibas.dmi.dbis.fds.p2p.chord.impl.ChordPeer.lambda$updateFingerTable$0(ChordPeer.java:243) ~[main/:?]
	at java.util.Optional.ifPresent(Optional.java:178) ~[?:?]
	at ch.unibas.dmi.dbis.fds.p2p.chord.impl.ChordPeer.updateFingerTable(ChordPeer.java:232) ~[main/:?]
	at ch.unibas.dmi.dbis.fds.p2p.chord.impl.ChordPeer.updateOthers(ChordPeer.java:216) ~[main/:?]
	at ch.unibas.dmi.dbis.fds.p2p.chord.impl.ChordPeer.joinAndUpdate(ChordPeer.java:115) ~[main/:?]
	at ch.unibas.dmi.dbis.fds.p2p.chord.api.AbstractChordPeer.join(AbstractChordPeer.java:163) ~[main/:?]
	at ch.unibas.dmi.dbis.fds.p2p.simulation.SimulationEngine.initNetwork(SimulationEngine.java:271) ~[main/:?]
	at ch.unibas.dmi.dbis.fds.p2p.simulation.SimulationEngine.run(SimulationEngine.java:78) ~[main/:?]
	at java.util.concurrent.Executors$RunnableAdapter.call(Executors.java:572) ~[?:?]
	at java.util.concurrent.FutureTask.run(FutureTask.java:317) ~[?:?]
	at java.util.concurrent.ThreadPoolExecutor.runWorker(ThreadPoolExecutor.java:1144) ~[?:?]
	at java.util.concurrent.ThreadPoolExecutor$Worker.run(ThreadPoolExecutor.java:642) ~[?:?]
	at java.lang.Thread.run(Thread.java:1583) ~[?:?]
[04.11.2023 22:57:34.725][ERROR][pool-1-thread-1] SimulationEngine - Chord simulation crashed with an exception.
java.lang.RuntimeException: This method has not been implemented!
	at ch.unibas.dmi.dbis.fds.p2p.chord.impl.ChordPeer.lambda$updateFingerTable$0(ChordPeer.java:246) ~[main/:?]
	at java.util.Optional.ifPresent(Optional.java:178) ~[?:?]
	at ch.unibas.dmi.dbis.fds.p2p.chord.impl.ChordPeer.updateFingerTable(ChordPeer.java:232) ~[main/:?]
	at ch.unibas.dmi.dbis.fds.p2p.chord.impl.ChordPeer.lambda$updateFingerTable$0(ChordPeer.java:243) ~[main/:?]
	at java.util.Optional.ifPresent(Optional.java:178) ~[?:?]
	at ch.unibas.dmi.dbis.fds.p2p.chord.impl.ChordPeer.updateFingerTable(ChordPeer.java:232) ~[main/:?]
	at ch.unibas.dmi.dbis.fds.p2p.chord.impl.ChordPeer.updateOthers(ChordPeer.java:216) ~[main/:?]
	at ch.unibas.dmi.dbis.fds.p2p.chord.impl.ChordPeer.joinAndUpdate(ChordPeer.java:115) ~[main/:?]
	at ch.unibas.dmi.dbis.fds.p2p.chord.api.AbstractChordPeer.join(AbstractChordPeer.java:163) ~[main/:?]
	at ch.unibas.dmi.dbis.fds.p2p.simulation.SimulationEngine.initNetwork(SimulationEngine.java:271) ~[main/:?]
	at ch.unibas.dmi.dbis.fds.p2p.simulation.SimulationEngine.run(SimulationEngine.java:78) ~[main/:?]
	at java.util.concurrent.Executors$RunnableAdapter.call(Executors.java:572) ~[?:?]
	at java.util.concurrent.FutureTask.run(FutureTask.java:317) ~[?:?]
	at java.util.concurrent.ThreadPoolExecutor.runWorker(ThreadPoolExecutor.java:1144) ~[?:?]
	at java.util.concurrent.ThreadPoolExecutor$Worker.run(ThreadPoolExecutor.java:642) ~[?:?]
	at java.lang.Thread.run(Thread.java:1583) ~[?:?]
[04.11.2023 22:59:20.309][ERROR][pool-1-thread-1] SimulationEngine - Chord simulation crashed with an exception.
java.lang.RuntimeException: This method has not been implemented!
	at ch.unibas.dmi.dbis.fds.p2p.chord.impl.ChordPeer.lambda$updateFingerTable$0(ChordPeer.java:246) ~[main/:?]
	at java.util.Optional.ifPresent(Optional.java:178) ~[?:?]
	at ch.unibas.dmi.dbis.fds.p2p.chord.impl.ChordPeer.updateFingerTable(ChordPeer.java:232) ~[main/:?]
	at ch.unibas.dmi.dbis.fds.p2p.chord.impl.ChordPeer.lambda$updateFingerTable$0(ChordPeer.java:243) ~[main/:?]
	at java.util.Optional.ifPresent(Optional.java:178) ~[?:?]
	at ch.unibas.dmi.dbis.fds.p2p.chord.impl.ChordPeer.updateFingerTable(ChordPeer.java:232) ~[main/:?]
	at ch.unibas.dmi.dbis.fds.p2p.chord.impl.ChordPeer.updateOthers(ChordPeer.java:216) ~[main/:?]
	at ch.unibas.dmi.dbis.fds.p2p.chord.impl.ChordPeer.joinAndUpdate(ChordPeer.java:115) ~[main/:?]
	at ch.unibas.dmi.dbis.fds.p2p.chord.api.AbstractChordPeer.join(AbstractChordPeer.java:163) ~[main/:?]
	at ch.unibas.dmi.dbis.fds.p2p.simulation.SimulationEngine.initNetwork(SimulationEngine.java:271) ~[main/:?]
	at ch.unibas.dmi.dbis.fds.p2p.simulation.SimulationEngine.run(SimulationEngine.java:78) ~[main/:?]
	at java.util.concurrent.Executors$RunnableAdapter.call(Executors.java:572) ~[?:?]
	at java.util.concurrent.FutureTask.run(FutureTask.java:317) ~[?:?]
	at java.util.concurrent.ThreadPoolExecutor.runWorker(ThreadPoolExecutor.java:1144) ~[?:?]
	at java.util.concurrent.ThreadPoolExecutor$Worker.run(ThreadPoolExecutor.java:642) ~[?:?]
	at java.lang.Thread.run(Thread.java:1583) ~[?:?]
[04.11.2023 23:36:58.966][WARN ][pool-1-thread-1] SimulationEngine - Chord simulation was terminated forcefully.
[04.11.2023 23:39:16.599][WARN ][pool-1-thread-1] SimulationEngine - Chord simulation was terminated forcefully.
[05.11.2023 16:05:39.167][WARN ][pool-1-thread-1] SimulationEngine - Chord simulation was terminated forcefully.
[05.11.2023 16:08:15.281][WARN ][pool-1-thread-1] SimulationEngine - Chord simulation was terminated forcefully.
[05.11.2023 16:23:11.268][WARN ][pool-1-thread-1] SimulationEngine - Chord simulation was terminated forcefully.
[05.11.2023 16:23:21.238][WARN ][pool-1-thread-1] SimulationEngine - Chord simulation was terminated forcefully.
[06.11.2023 11:57:56.347][WARN ][pool-1-thread-1] SimulationEngine - Chord simulation was terminated forcefully.
[06.11.2023 12:00:55.728][WARN ][pool-1-thread-1] SimulationEngine - Chord simulation was terminated forcefully.
[06.11.2023 12:22:09.955][WARN ][pool-1-thread-1] SimulationEngine - Chord simulation was terminated forcefully.
[06.11.2023 12:24:33.116][WARN ][pool-1-thread-1] SimulationEngine - Chord simulation was terminated forcefully.
[06.11.2023 12:34:01.629][WARN ][pool-1-thread-1] SimulationEngine - Chord simulation was terminated forcefully.
[06.11.2023 12:39:11.796][WARN ][pool-1-thread-1] SimulationEngine - Chord simulation was terminated forcefully.
[06.11.2023 20:40:15.719][WARN ][pool-1-thread-1] SimulationEngine - Chord simulation was terminated forcefully.
[06.11.2023 21:45:56.545][WARN ][pool-1-thread-1] SimulationEngine - Chord simulation was terminated forcefully.
